e:\hcmus\a-crypto\project-fullscale\build\ca_client.dir\debug\vc143.pdb
e:\hcmus\a-crypto\project-fullscale\build\ca_client.dir\debug\socket_comm.obj
e:\hcmus\a-crypto\project-fullscale\build\ca_client.dir\debug\client_console.obj
e:\hcmus\a-crypto\project-fullscale\build\ca_client.dir\debug\openssl_wrapper.obj
e:\hcmus\a-crypto\project-fullscale\build\ca_client.dir\debug\client_main.obj
e:\hcmus\a-crypto\project-fullscale\build\ca_client.dir\debug\certificate_authority.obj
e:\hcmus\a-crypto\project-fullscale\build\ca_client.dir\debug\sqlite3.obj
e:\hcmus\a-crypto\project-fullscale\build\cmakefiles\generate.stamp
e:\hcmus\a-crypto\project-fullscale\build\debug\ca_client.pdb
e:\hcmus\a-crypto\project-fullscale\build\ca_client.dir\debug\ca_client.tlog\cl.command.1.tlog
e:\hcmus\a-crypto\project-fullscale\build\ca_client.dir\debug\ca_client.tlog\cl.read.1.tlog
e:\hcmus\a-crypto\project-fullscale\build\ca_client.dir\debug\ca_client.tlog\cl.write.1.tlog
e:\hcmus\a-crypto\project-fullscale\build\ca_client.dir\debug\ca_client.tlog\custombuild.command.1.tlog
e:\hcmus\a-crypto\project-fullscale\build\ca_client.dir\debug\ca_client.tlog\custombuild.read.1.tlog
e:\hcmus\a-crypto\project-fullscale\build\ca_client.dir\debug\ca_client.tlog\custombuild.write.1.tlog
e:\hcmus\a-crypto\project-fullscale\build\ca_client.dir\debug\ca_client.tlog\link-cvtres.read.1.tlog
e:\hcmus\a-crypto\project-fullscale\build\ca_client.dir\debug\ca_client.tlog\link-cvtres.write.1.tlog
e:\hcmus\a-crypto\project-fullscale\build\ca_client.dir\debug\ca_client.tlog\link-rc.read.1.tlog
e:\hcmus\a-crypto\project-fullscale\build\ca_client.dir\debug\ca_client.tlog\link-rc.write.1.tlog
e:\hcmus\a-crypto\project-fullscale\build\ca_client.dir\debug\ca_client.tlog\link.command.1.tlog
e:\hcmus\a-crypto\project-fullscale\build\ca_client.dir\debug\ca_client.tlog\link.read.1.tlog
e:\hcmus\a-crypto\project-fullscale\build\ca_client.dir\debug\ca_client.tlog\link.read.2.tlog
e:\hcmus\a-crypto\project-fullscale\build\ca_client.dir\debug\ca_client.tlog\link.write.1.tlog
