e:\hcmus\a-crypto\project-fullscale\build\debug\libssl-3-x64.dll
e:\hcmus\a-crypto\project-fullscale\build\debug\libcrypto-3-x64.dll
e:\hcmus\a-crypto\project-fullscale\build\ca_server.dir\debug\vc143.pdb
e:\hcmus\a-crypto\project-fullscale\build\ca_server.dir\debug\server_handler.obj
e:\hcmus\a-crypto\project-fullscale\build\ca_server.dir\debug\socket_comm.obj
e:\hcmus\a-crypto\project-fullscale\build\ca_server.dir\debug\server_console.obj
e:\hcmus\a-crypto\project-fullscale\build\ca_server.dir\debug\certificate_authority.obj
e:\hcmus\a-crypto\project-fullscale\build\ca_server.dir\debug\openssl_wrapper.obj
e:\hcmus\a-crypto\project-fullscale\build\ca_server.dir\debug\auth_system.obj
e:\hcmus\a-crypto\project-fullscale\build\ca_server.dir\debug\database.obj
e:\hcmus\a-crypto\project-fullscale\build\ca_server.dir\debug\main.obj
e:\hcmus\a-crypto\project-fullscale\build\ca_server.dir\debug\sqlite3.obj
e:\hcmus\a-crypto\project-fullscale\build\cmakefiles\generate.stamp
e:\hcmus\a-crypto\project-fullscale\build\debug\ca_server.exe
e:\hcmus\a-crypto\project-fullscale\build\debug\ca_server.pdb
e:\hcmus\a-crypto\project-fullscale\build\ca_server.dir\debug\ca_server.ilk
e:\hcmus\a-crypto\project-fullscale\build\ca_server.dir\debug\ca_server.tlog\ca_server.write.1u.tlog
e:\hcmus\a-crypto\project-fullscale\build\ca_server.dir\debug\ca_server.tlog\cl.command.1.tlog
e:\hcmus\a-crypto\project-fullscale\build\ca_server.dir\debug\ca_server.tlog\cl.items.tlog
e:\hcmus\a-crypto\project-fullscale\build\ca_server.dir\debug\ca_server.tlog\cl.read.1.tlog
e:\hcmus\a-crypto\project-fullscale\build\ca_server.dir\debug\ca_server.tlog\cl.write.1.tlog
e:\hcmus\a-crypto\project-fullscale\build\ca_server.dir\debug\ca_server.tlog\custombuild.command.1.tlog
e:\hcmus\a-crypto\project-fullscale\build\ca_server.dir\debug\ca_server.tlog\custombuild.read.1.tlog
e:\hcmus\a-crypto\project-fullscale\build\ca_server.dir\debug\ca_server.tlog\custombuild.write.1.tlog
e:\hcmus\a-crypto\project-fullscale\build\ca_server.dir\debug\ca_server.tlog\link.command.1.tlog
e:\hcmus\a-crypto\project-fullscale\build\ca_server.dir\debug\ca_server.tlog\link.read.1.tlog
e:\hcmus\a-crypto\project-fullscale\build\ca_server.dir\debug\ca_server.tlog\link.secondary.1.tlog
e:\hcmus\a-crypto\project-fullscale\build\ca_server.dir\debug\ca_server.tlog\link.write.1.tlog
